{"/home/matheusb/Documents/monstruosa-back-end/src/app.ts": {"path":"/home/matheusb/Documents/monstruosa-back-end/src/app.ts","statementMap":{"0":{"start":{"line":1,"column":0},"end":{"line":1,"column":26}},"1":{"start":{"line":2,"column":0},"end":{"line":2,"column":30}},"2":{"start":{"line":3,"column":0},"end":{"line":3,"column":30}},"3":{"start":{"line":4,"column":0},"end":{"line":4,"column":61}},"4":{"start":{"line":5,"column":0},"end":{"line":5,"column":33}},"5":{"start":{"line":7,"column":12},"end":{"line":7,"column":21}},"6":{"start":{"line":9,"column":0},"end":{"line":9,"column":24}},"7":{"start":{"line":11,"column":0},"end":{"line":11,"column":15}},"8":{"start":{"line":13,"column":0},"end":{"line":13,"column":25}},"9":{"start":{"line":16,"column":0},"end":{"line":16,"column":null}}},"fnMap":{},"branchMap":{},"s":{"0":2,"1":2,"2":2,"3":2,"4":2,"5":2,"6":2,"7":2,"8":2,"9":2},"f":{},"b":{}}
,"/home/matheusb/Documents/monstruosa-back-end/src/data-source.ts": {"path":"/home/matheusb/Documents/monstruosa-back-end/src/data-source.ts","statementMap":{"0":{"start":{"line":1,"column":0},"end":{"line":1,"column":37}},"1":{"start":{"line":2,"column":0},"end":{"line":2,"column":23}},"2":{"start":{"line":4,"column":22},"end":{"line":23,"column":null}},"3":{"start":{"line":26,"column":0},"end":{"line":26,"column":29}}},"fnMap":{},"branchMap":{"0":{"loc":{"start":{"line":5,"column":2},"end":{"line":23,"column":null}},"type":"cond-expr","locations":[{"start":{"line":6,"column":6},"end":{"line":11,"column":null}},{"start":{"line":12,"column":6},"end":{"line":23,"column":null}}]}},"s":{"0":2,"1":2,"2":2,"3":2},"f":{},"b":{"0":[2,0]}}
,"/home/matheusb/Documents/monstruosa-back-end/src/__tests__/mocks/publiMocks.ts": {"path":"/home/matheusb/Documents/monstruosa-back-end/src/__tests__/mocks/publiMocks.ts","statementMap":{"0":{"start":{"line":1,"column":13},"end":{"line":4,"column":2}},"1":{"start":{"line":6,"column":13},"end":{"line":9,"column":2}}},"fnMap":{},"branchMap":{},"s":{"0":1,"1":1},"f":{},"b":{}}
,"/home/matheusb/Documents/monstruosa-back-end/src/__tests__/mocks/userMocks.ts": {"path":"/home/matheusb/Documents/monstruosa-back-end/src/__tests__/mocks/userMocks.ts","statementMap":{"0":{"start":{"line":3,"column":13},"end":{"line":12,"column":null}},"1":{"start":{"line":14,"column":13},"end":{"line":23,"column":null}},"2":{"start":{"line":25,"column":13},"end":{"line":35,"column":null}},"3":{"start":{"line":37,"column":13},"end":{"line":39,"column":null}},"4":{"start":{"line":41,"column":13},"end":{"line":44,"column":null}},"5":{"start":{"line":45,"column":13},"end":{"line":48,"column":null}}},"fnMap":{},"branchMap":{},"s":{"0":2,"1":2,"2":2,"3":2,"4":2,"5":2},"f":{},"b":{}}
,"/home/matheusb/Documents/monstruosa-back-end/src/controllers/publis/createPublis.controller.ts": {"path":"/home/matheusb/Documents/monstruosa-back-end/src/controllers/publis/createPublis.controller.ts","statementMap":{"0":{"start":{"line":2,"column":0},"end":{"line":2,"column":77}},"1":{"start":{"line":4,"column":31},"end":{"line":9,"column":null}},"2":{"start":{"line":4,"column":66},"end":{"line":9,"column":null}},"3":{"start":{"line":5,"column":18},"end":{"line":5,"column":28}},"4":{"start":{"line":6,"column":19},"end":{"line":6,"column":30}},"5":{"start":{"line":7,"column":24},"end":{"line":7,"column":63}},"6":{"start":{"line":8,"column":4},"end":{"line":8,"column":45}},"7":{"start":{"line":10,"column":0},"end":{"line":10,"column":38}}},"fnMap":{"0":{"name":"(anonymous_8)","decl":{"start":{"line":4,"column":31},"end":{"line":4,"column":38}},"loc":{"start":{"line":4,"column":66},"end":{"line":9,"column":null}}},"1":{"name":"(anonymous_9)","decl":{"start":{"line":4,"column":66},"end":{"line":4,"column":null}},"loc":{"start":{"line":4,"column":66},"end":{"line":9,"column":1}}}},"branchMap":{},"s":{"0":2,"1":2,"2":1,"3":1,"4":1,"5":1,"6":1,"7":2},"f":{"0":1,"1":1},"b":{}}
,"/home/matheusb/Documents/monstruosa-back-end/src/controllers/publis/deletePublis.controller.ts": {"path":"/home/matheusb/Documents/monstruosa-back-end/src/controllers/publis/deletePublis.controller.ts","statementMap":{"0":{"start":{"line":2,"column":0},"end":{"line":2,"column":77}},"1":{"start":{"line":4,"column":31},"end":{"line":10,"column":null}},"2":{"start":{"line":4,"column":66},"end":{"line":10,"column":null}},"3":{"start":{"line":5,"column":20},"end":{"line":5,"column":33}},"4":{"start":{"line":7,"column":24},"end":{"line":7,"column":58}},"5":{"start":{"line":9,"column":4},"end":{"line":9,"column":null}},"6":{"start":{"line":12,"column":0},"end":{"line":12,"column":null}}},"fnMap":{"0":{"name":"(anonymous_8)","decl":{"start":{"line":4,"column":31},"end":{"line":4,"column":38}},"loc":{"start":{"line":4,"column":66},"end":{"line":10,"column":null}}},"1":{"name":"(anonymous_9)","decl":{"start":{"line":4,"column":66},"end":{"line":4,"column":null}},"loc":{"start":{"line":4,"column":66},"end":{"line":10,"column":1}}}},"branchMap":{},"s":{"0":2,"1":2,"2":1,"3":1,"4":1,"5":1,"6":2},"f":{"0":1,"1":1},"b":{}}
,"/home/matheusb/Documents/monstruosa-back-end/src/controllers/publis/listPublis.controller.ts": {"path":"/home/matheusb/Documents/monstruosa-back-end/src/controllers/publis/listPublis.controller.ts","statementMap":{"0":{"start":{"line":2,"column":0},"end":{"line":2,"column":73}},"1":{"start":{"line":4,"column":29},"end":{"line":7,"column":null}},"2":{"start":{"line":4,"column":64},"end":{"line":7,"column":null}},"3":{"start":{"line":5,"column":17},"end":{"line":5,"column":42}},"4":{"start":{"line":6,"column":4},"end":{"line":6,"column":null}},"5":{"start":{"line":8,"column":0},"end":{"line":8,"column":null}}},"fnMap":{"0":{"name":"(anonymous_8)","decl":{"start":{"line":4,"column":29},"end":{"line":4,"column":36}},"loc":{"start":{"line":4,"column":64},"end":{"line":7,"column":null}}},"1":{"name":"(anonymous_9)","decl":{"start":{"line":4,"column":64},"end":{"line":4,"column":null}},"loc":{"start":{"line":4,"column":64},"end":{"line":7,"column":1}}}},"branchMap":{},"s":{"0":2,"1":2,"2":2,"3":2,"4":2,"5":2},"f":{"0":2,"1":2},"b":{}}
,"/home/matheusb/Documents/monstruosa-back-end/src/controllers/publis/updatePublis.controller.ts": {"path":"/home/matheusb/Documents/monstruosa-back-end/src/controllers/publis/updatePublis.controller.ts","statementMap":{"0":{"start":{"line":2,"column":0},"end":{"line":2,"column":77}},"1":{"start":{"line":4,"column":31},"end":{"line":9,"column":null}},"2":{"start":{"line":4,"column":66},"end":{"line":9,"column":null}},"3":{"start":{"line":5,"column":20},"end":{"line":5,"column":33}},"4":{"start":{"line":6,"column":25},"end":{"line":6,"column":33}},"5":{"start":{"line":7,"column":24},"end":{"line":7,"column":71}},"6":{"start":{"line":8,"column":4},"end":{"line":8,"column":45}},"7":{"start":{"line":11,"column":0},"end":{"line":11,"column":null}}},"fnMap":{"0":{"name":"(anonymous_8)","decl":{"start":{"line":4,"column":31},"end":{"line":4,"column":38}},"loc":{"start":{"line":4,"column":66},"end":{"line":9,"column":null}}},"1":{"name":"(anonymous_9)","decl":{"start":{"line":4,"column":66},"end":{"line":4,"column":null}},"loc":{"start":{"line":4,"column":66},"end":{"line":9,"column":1}}}},"branchMap":{},"s":{"0":2,"1":2,"2":1,"3":1,"4":1,"5":1,"6":1,"7":2},"f":{"0":1,"1":1},"b":{}}
,"/home/matheusb/Documents/monstruosa-back-end/src/controllers/user/createUser.controller.ts": {"path":"/home/matheusb/Documents/monstruosa-back-end/src/controllers/user/createUser.controller.ts","statementMap":{"0":{"start":{"line":2,"column":0},"end":{"line":2,"column":71}},"1":{"start":{"line":3,"column":0},"end":{"line":3,"column":52}},"2":{"start":{"line":4,"column":29},"end":{"line":8,"column":2}},"3":{"start":{"line":4,"column":64},"end":{"line":8,"column":2}},"4":{"start":{"line":5,"column":17},"end":{"line":5,"column":28}},"5":{"start":{"line":6,"column":23},"end":{"line":6,"column":52}},"6":{"start":{"line":7,"column":4},"end":{"line":7,"column":61}},"7":{"start":{"line":10,"column":0},"end":{"line":10,"column":36}}},"fnMap":{"0":{"name":"(anonymous_8)","decl":{"start":{"line":4,"column":29},"end":{"line":4,"column":36}},"loc":{"start":{"line":4,"column":64},"end":{"line":8,"column":2}}},"1":{"name":"(anonymous_9)","decl":{"start":{"line":4,"column":64},"end":{"line":4,"column":null}},"loc":{"start":{"line":4,"column":64},"end":{"line":8,"column":1}}}},"branchMap":{},"s":{"0":2,"1":2,"2":2,"3":5,"4":5,"5":5,"6":4,"7":2},"f":{"0":5,"1":5},"b":{}}
,"/home/matheusb/Documents/monstruosa-back-end/src/controllers/user/deleteUser.controller.ts": {"path":"/home/matheusb/Documents/monstruosa-back-end/src/controllers/user/deleteUser.controller.ts","statementMap":{"0":{"start":{"line":2,"column":0},"end":{"line":2,"column":71}},"1":{"start":{"line":4,"column":29},"end":{"line":10,"column":null}},"2":{"start":{"line":4,"column":64},"end":{"line":10,"column":null}},"3":{"start":{"line":5,"column":19},"end":{"line":5,"column":32}},"4":{"start":{"line":7,"column":4},"end":{"line":7,"column":36}},"5":{"start":{"line":9,"column":4},"end":{"line":9,"column":36}},"6":{"start":{"line":12,"column":0},"end":{"line":12,"column":null}}},"fnMap":{"0":{"name":"(anonymous_8)","decl":{"start":{"line":4,"column":29},"end":{"line":4,"column":36}},"loc":{"start":{"line":4,"column":64},"end":{"line":10,"column":null}}},"1":{"name":"(anonymous_9)","decl":{"start":{"line":4,"column":64},"end":{"line":4,"column":null}},"loc":{"start":{"line":4,"column":64},"end":{"line":10,"column":1}}}},"branchMap":{},"s":{"0":2,"1":2,"2":1,"3":1,"4":1,"5":1,"6":2},"f":{"0":1,"1":1},"b":{}}
,"/home/matheusb/Documents/monstruosa-back-end/src/controllers/user/login.controller.ts": {"path":"/home/matheusb/Documents/monstruosa-back-end/src/controllers/user/login.controller.ts","statementMap":{"0":{"start":{"line":2,"column":0},"end":{"line":2,"column":61}},"1":{"start":{"line":4,"column":24},"end":{"line":10,"column":null}},"2":{"start":{"line":4,"column":59},"end":{"line":10,"column":null}},"3":{"start":{"line":5,"column":22},"end":{"line":5,"column":31}},"4":{"start":{"line":7,"column":18},"end":{"line":7,"column":47}},"5":{"start":{"line":9,"column":4},"end":{"line":9,"column":null}},"6":{"start":{"line":12,"column":0},"end":{"line":12,"column":null}}},"fnMap":{"0":{"name":"(anonymous_8)","decl":{"start":{"line":4,"column":24},"end":{"line":4,"column":31}},"loc":{"start":{"line":4,"column":59},"end":{"line":10,"column":null}}},"1":{"name":"(anonymous_9)","decl":{"start":{"line":4,"column":59},"end":{"line":4,"column":null}},"loc":{"start":{"line":4,"column":59},"end":{"line":10,"column":1}}}},"branchMap":{},"s":{"0":2,"1":2,"2":7,"3":7,"4":7,"5":7,"6":2},"f":{"0":7,"1":7},"b":{}}
,"/home/matheusb/Documents/monstruosa-back-end/src/controllers/user/updateUser.controller.ts": {"path":"/home/matheusb/Documents/monstruosa-back-end/src/controllers/user/updateUser.controller.ts","statementMap":{"0":{"start":{"line":2,"column":0},"end":{"line":2,"column":71}},"1":{"start":{"line":4,"column":29},"end":{"line":11,"column":null}},"2":{"start":{"line":4,"column":64},"end":{"line":11,"column":null}},"3":{"start":{"line":5,"column":19},"end":{"line":5,"column":32}},"4":{"start":{"line":6,"column":21},"end":{"line":6,"column":29}},"5":{"start":{"line":8,"column":23},"end":{"line":8,"column":63}},"6":{"start":{"line":10,"column":4},"end":{"line":10,"column":null}},"7":{"start":{"line":13,"column":0},"end":{"line":13,"column":null}}},"fnMap":{"0":{"name":"(anonymous_8)","decl":{"start":{"line":4,"column":29},"end":{"line":4,"column":36}},"loc":{"start":{"line":4,"column":64},"end":{"line":11,"column":null}}},"1":{"name":"(anonymous_9)","decl":{"start":{"line":4,"column":64},"end":{"line":4,"column":null}},"loc":{"start":{"line":4,"column":64},"end":{"line":11,"column":1}}}},"branchMap":{},"s":{"0":2,"1":2,"2":1,"3":1,"4":1,"5":1,"6":1,"7":2},"f":{"0":1,"1":1},"b":{}}
,"/home/matheusb/Documents/monstruosa-back-end/src/entities/publis.entity.ts": {"path":"/home/matheusb/Documents/monstruosa-back-end/src/entities/publis.entity.ts","statementMap":{"0":{"start":{"line":1,"column":0},"end":{"line":1,"column":88}},"1":{"start":{"line":2,"column":0},"end":{"line":2,"column":31}},"2":{"start":{"line":3,"column":0},"end":{"line":3,"column":37}},"3":{"start":{"line":7,"column":7},"end":{"line":28,"column":null}},"4":{"start":{"line":24,"column":8},"end":{"line":26,"column":null}},"5":{"start":{"line":25,"column":12},"end":{"line":25,"column":null}},"6":{"start":{"line":8,"column":4},"end":{"line":9,"column":null}},"7":{"start":{"line":11,"column":4},"end":{"line":12,"column":null}},"8":{"start":{"line":14,"column":4},"end":{"line":15,"column":null}},"9":{"start":{"line":17,"column":4},"end":{"line":18,"column":null}},"10":{"start":{"line":17,"column":21},"end":{"line":17,"column":25}},"11":{"start":{"line":17,"column":37},"end":{"line":17,"column":48}},"12":{"start":{"line":20,"column":4},"end":{"line":21,"column":null}},"13":{"start":{"line":7,"column":13},"end":{"line":28,"column":null}},"14":{"start":{"line":7,"column":13},"end":{"line":7,"column":19}}},"fnMap":{"0":{"name":"(anonymous_2)","decl":{"start":{"line":23,"column":4},"end":{"line":23,"column":null}},"loc":{"start":{"line":23,"column":4},"end":{"line":27,"column":5}}},"1":{"name":"(anonymous_3)","decl":{"start":{"line":17,"column":15},"end":{"line":17,"column":18}},"loc":{"start":{"line":17,"column":21},"end":{"line":17,"column":25}}},"2":{"name":"(anonymous_4)","decl":{"start":{"line":17,"column":27},"end":{"line":17,"column":28}},"loc":{"start":{"line":17,"column":37},"end":{"line":17,"column":48}}}},"branchMap":{"0":{"loc":{"start":{"line":24,"column":8},"end":{"line":26,"column":null}},"type":"if","locations":[{"start":{"line":24,"column":8},"end":{"line":26,"column":null}}]}},"s":{"0":2,"1":2,"2":2,"3":2,"4":7,"5":7,"6":2,"7":2,"8":2,"9":2,"10":2,"11":2,"12":2,"13":2,"14":2},"f":{"0":7,"1":2,"2":2},"b":{"0":[7]}}
,"/home/matheusb/Documents/monstruosa-back-end/src/entities/user.entity.ts": {"path":"/home/matheusb/Documents/monstruosa-back-end/src/entities/user.entity.ts","statementMap":{"0":{"start":{"line":1,"column":0},"end":{"line":1,"column":88}},"1":{"start":{"line":2,"column":0},"end":{"line":2,"column":31}},"2":{"start":{"line":3,"column":0},"end":{"line":3,"column":41}},"3":{"start":{"line":4,"column":0},"end":{"line":4,"column":44}},"4":{"start":{"line":7,"column":7},"end":{"line":50,"column":null}},"5":{"start":{"line":46,"column":8},"end":{"line":48,"column":null}},"6":{"start":{"line":47,"column":12},"end":{"line":47,"column":null}},"7":{"start":{"line":8,"column":4},"end":{"line":9,"column":null}},"8":{"start":{"line":11,"column":4},"end":{"line":12,"column":null}},"9":{"start":{"line":14,"column":4},"end":{"line":15,"column":null}},"10":{"start":{"line":17,"column":4},"end":{"line":19,"column":null}},"11":{"start":{"line":21,"column":4},"end":{"line":22,"column":null}},"12":{"start":{"line":24,"column":4},"end":{"line":25,"column":null}},"13":{"start":{"line":27,"column":4},"end":{"line":28,"column":null}},"14":{"start":{"line":30,"column":4},"end":{"line":31,"column":null}},"15":{"start":{"line":33,"column":4},"end":{"line":34,"column":null}},"16":{"start":{"line":36,"column":4},"end":{"line":37,"column":null}},"17":{"start":{"line":39,"column":4},"end":{"line":40,"column":null}},"18":{"start":{"line":39,"column":19},"end":{"line":39,"column":25}},"19":{"start":{"line":39,"column":38},"end":{"line":39,"column":49}},"20":{"start":{"line":42,"column":4},"end":{"line":43,"column":null}},"21":{"start":{"line":7,"column":13},"end":{"line":50,"column":null}},"22":{"start":{"line":7,"column":13},"end":{"line":7,"column":17}}},"fnMap":{"0":{"name":"(anonymous_2)","decl":{"start":{"line":45,"column":4},"end":{"line":45,"column":null}},"loc":{"start":{"line":45,"column":4},"end":{"line":49,"column":5}}},"1":{"name":"(anonymous_3)","decl":{"start":{"line":39,"column":15},"end":{"line":39,"column":17}},"loc":{"start":{"line":39,"column":19},"end":{"line":39,"column":25}}},"2":{"name":"(anonymous_4)","decl":{"start":{"line":39,"column":26},"end":{"line":39,"column":27}},"loc":{"start":{"line":39,"column":38},"end":{"line":39,"column":49}}}},"branchMap":{"0":{"loc":{"start":{"line":46,"column":8},"end":{"line":48,"column":null}},"type":"if","locations":[{"start":{"line":46,"column":8},"end":{"line":48,"column":null}}]}},"s":{"0":2,"1":2,"2":2,"3":2,"4":2,"5":25,"6":25,"7":2,"8":2,"9":2,"10":2,"11":2,"12":2,"13":2,"14":2,"15":2,"16":2,"17":2,"18":2,"19":2,"20":2,"21":2,"22":2},"f":{"0":25,"1":2,"2":2},"b":{"0":[25]}}
,"/home/matheusb/Documents/monstruosa-back-end/src/errors/appError.ts": {"path":"/home/matheusb/Documents/monstruosa-back-end/src/errors/appError.ts","statementMap":{"0":{"start":{"line":5,"column":8},"end":{"line":5,"column":16}},"1":{"start":{"line":6,"column":8},"end":{"line":6,"column":37}},"2":{"start":{"line":7,"column":8},"end":{"line":7,"column":31}},"3":{"start":{"line":11,"column":8},"end":{"line":11,"column":16}}},"fnMap":{"0":{"name":"(anonymous_0)","decl":{"start":{"line":4,"column":4},"end":{"line":4,"column":16}},"loc":{"start":{"line":4,"column":56},"end":{"line":8,"column":5}}}},"branchMap":{"0":{"loc":{"start":{"line":4,"column":16},"end":{"line":4,"column":39}},"type":"default-arg","locations":[{"start":{"line":4,"column":36},"end":{"line":4,"column":39}}]}},"s":{"0":1,"1":1,"2":1,"3":2},"f":{"0":1},"b":{"0":[0]}}
,"/home/matheusb/Documents/monstruosa-back-end/src/middlewares/authentication.middleware.ts": {"path":"/home/matheusb/Documents/monstruosa-back-end/src/middlewares/authentication.middleware.ts","statementMap":{"0":{"start":{"line":2,"column":0},"end":{"line":2,"column":30}},"1":{"start":{"line":3,"column":0},"end":{"line":3,"column":46}},"2":{"start":{"line":4,"column":0},"end":{"line":4,"column":68}},"3":{"start":{"line":6,"column":33},"end":{"line":26,"column":null}},"4":{"start":{"line":6,"column":86},"end":{"line":26,"column":null}},"5":{"start":{"line":8,"column":18},"end":{"line":8,"column":43}},"6":{"start":{"line":10,"column":19},"end":{"line":10,"column":45}},"7":{"start":{"line":12,"column":21},"end":{"line":14,"column":6}},"8":{"start":{"line":16,"column":4},"end":{"line":18,"column":6}},"9":{"start":{"line":17,"column":8},"end":{"line":17,"column":null}},"10":{"start":{"line":20,"column":4},"end":{"line":23,"column":6}},"11":{"start":{"line":21,"column":8},"end":{"line":21,"column":null}},"12":{"start":{"line":22,"column":8},"end":{"line":22,"column":null}},"13":{"start":{"line":25,"column":4},"end":{"line":25,"column":50}},"14":{"start":{"line":28,"column":0},"end":{"line":28,"column":40}}},"fnMap":{"0":{"name":"(anonymous_8)","decl":{"start":{"line":6,"column":33},"end":{"line":6,"column":40}},"loc":{"start":{"line":6,"column":86},"end":{"line":26,"column":null}}},"1":{"name":"(anonymous_9)","decl":{"start":{"line":6,"column":86},"end":{"line":6,"column":null}},"loc":{"start":{"line":6,"column":86},"end":{"line":26,"column":1}}}},"branchMap":{"0":{"loc":{"start":{"line":16,"column":4},"end":{"line":18,"column":6}},"type":"if","locations":[{"start":{"line":16,"column":4},"end":{"line":18,"column":6}}]},"1":{"loc":{"start":{"line":20,"column":4},"end":{"line":23,"column":6}},"type":"if","locations":[{"start":{"line":20,"column":4},"end":{"line":23,"column":6}}]}},"s":{"0":2,"1":2,"2":2,"3":2,"4":7,"5":7,"6":7,"7":7,"8":7,"9":0,"10":7,"11":5,"12":5,"13":2,"14":2},"f":{"0":7,"1":7},"b":{"0":[0],"1":[5]}}
,"/home/matheusb/Documents/monstruosa-back-end/src/middlewares/error.middleware.ts": {"path":"/home/matheusb/Documents/monstruosa-back-end/src/middlewares/error.middleware.ts","statementMap":{"0":{"start":{"line":2,"column":0},"end":{"line":2,"column":46}},"1":{"start":{"line":4,"column":24},"end":{"line":16,"column":1}},"2":{"start":{"line":5,"column":4},"end":{"line":10,"column":6}},"3":{"start":{"line":6,"column":8},"end":{"line":9,"column":11}},"4":{"start":{"line":12,"column":4},"end":{"line":15,"column":7}},"5":{"start":{"line":18,"column":0},"end":{"line":18,"column":31}}},"fnMap":{"0":{"name":"(anonymous_0)","decl":{"start":{"line":4,"column":24},"end":{"line":4,"column":25}},"loc":{"start":{"line":4,"column":84},"end":{"line":16,"column":1}}}},"branchMap":{"0":{"loc":{"start":{"line":5,"column":4},"end":{"line":10,"column":6}},"type":"if","locations":[{"start":{"line":5,"column":4},"end":{"line":10,"column":6}}]}},"s":{"0":2,"1":2,"2":1,"3":1,"4":0,"5":2},"f":{"0":1},"b":{"0":[1]}}
,"/home/matheusb/Documents/monstruosa-back-end/src/middlewares/loginSchema.middleware.ts": {"path":"/home/matheusb/Documents/monstruosa-back-end/src/middlewares/loginSchema.middleware.ts","statementMap":{"0":{"start":{"line":3,"column":0},"end":{"line":3,"column":46}},"1":{"start":{"line":6,"column":30},"end":{"line":24,"column":5}},"2":{"start":{"line":7,"column":4},"end":{"line":23,"column":9}},"3":{"start":{"line":7,"column":64},"end":{"line":23,"column":9}},"4":{"start":{"line":8,"column":8},"end":{"line":22,"column":12}},"5":{"start":{"line":9,"column":25},"end":{"line":9,"column":33}},"6":{"start":{"line":10,"column":34},"end":{"line":13,"column":14}},"7":{"start":{"line":15,"column":12},"end":{"line":18,"column":14}},"8":{"start":{"line":16,"column":15},"end":{"line":16,"column":32}},"9":{"start":{"line":17,"column":15},"end":{"line":17,"column":29}},"10":{"start":{"line":21,"column":15},"end":{"line":21,"column":64}},"11":{"start":{"line":26,"column":3},"end":{"line":26,"column":null}}},"fnMap":{"0":{"name":"(anonymous_7)","decl":{"start":{"line":6,"column":30},"end":{"line":6,"column":31}},"loc":{"start":{"line":6,"column":62},"end":{"line":24,"column":5}}},"1":{"name":"(anonymous_8)","decl":{"start":{"line":7,"column":11},"end":{"line":7,"column":18}},"loc":{"start":{"line":7,"column":64},"end":{"line":23,"column":9}}},"2":{"name":"(anonymous_9)","decl":{"start":{"line":7,"column":64},"end":{"line":7,"column":null}},"loc":{"start":{"line":7,"column":64},"end":{"line":23,"column":8}}}},"branchMap":{"0":{"loc":{"start":{"line":15,"column":12},"end":{"line":18,"column":14}},"type":"if","locations":[{"start":{"line":15,"column":12},"end":{"line":18,"column":14}}]},"1":{"loc":{"start":{"line":21,"column":38},"end":{"line":21,"column":62}},"type":"cond-expr","locations":[{"start":{"line":21,"column":50},"end":{"line":21,"column":52}},{"start":{"line":21,"column":50},"end":{"line":21,"column":62}}]},"2":{"loc":{"start":{"line":21,"column":38},"end":{"line":21,"column":52}},"type":"binary-expr","locations":[{"start":{"line":21,"column":38},"end":{"line":21,"column":52}},{"start":{"line":21,"column":50},"end":{"line":21,"column":52}}]}},"s":{"0":2,"1":2,"2":2,"3":7,"4":7,"5":7,"6":7,"7":7,"8":7,"9":7,"10":0,"11":2},"f":{"0":2,"1":7,"2":7},"b":{"0":[7],"1":[0,0],"2":[0,0]}}
,"/home/matheusb/Documents/monstruosa-back-end/src/middlewares/publiSchema.middleware.ts": {"path":"/home/matheusb/Documents/monstruosa-back-end/src/middlewares/publiSchema.middleware.ts","statementMap":{"0":{"start":{"line":3,"column":0},"end":{"line":3,"column":46}},"1":{"start":{"line":6,"column":30},"end":{"line":24,"column":5}},"2":{"start":{"line":7,"column":4},"end":{"line":23,"column":9}},"3":{"start":{"line":7,"column":64},"end":{"line":23,"column":9}},"4":{"start":{"line":8,"column":8},"end":{"line":22,"column":12}},"5":{"start":{"line":9,"column":25},"end":{"line":9,"column":33}},"6":{"start":{"line":10,"column":34},"end":{"line":13,"column":14}},"7":{"start":{"line":15,"column":12},"end":{"line":18,"column":14}},"8":{"start":{"line":16,"column":15},"end":{"line":16,"column":33}},"9":{"start":{"line":17,"column":15},"end":{"line":17,"column":29}},"10":{"start":{"line":21,"column":15},"end":{"line":21,"column":64}},"11":{"start":{"line":26,"column":3},"end":{"line":26,"column":null}}},"fnMap":{"0":{"name":"(anonymous_7)","decl":{"start":{"line":6,"column":30},"end":{"line":6,"column":31}},"loc":{"start":{"line":6,"column":70},"end":{"line":24,"column":5}}},"1":{"name":"(anonymous_8)","decl":{"start":{"line":7,"column":11},"end":{"line":7,"column":18}},"loc":{"start":{"line":7,"column":64},"end":{"line":23,"column":9}}},"2":{"name":"(anonymous_9)","decl":{"start":{"line":7,"column":64},"end":{"line":7,"column":null}},"loc":{"start":{"line":7,"column":64},"end":{"line":23,"column":8}}}},"branchMap":{"0":{"loc":{"start":{"line":15,"column":12},"end":{"line":18,"column":14}},"type":"if","locations":[{"start":{"line":15,"column":12},"end":{"line":18,"column":14}}]},"1":{"loc":{"start":{"line":21,"column":38},"end":{"line":21,"column":62}},"type":"cond-expr","locations":[{"start":{"line":21,"column":50},"end":{"line":21,"column":52}},{"start":{"line":21,"column":50},"end":{"line":21,"column":62}}]},"2":{"loc":{"start":{"line":21,"column":38},"end":{"line":21,"column":52}},"type":"binary-expr","locations":[{"start":{"line":21,"column":38},"end":{"line":21,"column":52}},{"start":{"line":21,"column":50},"end":{"line":21,"column":52}}]}},"s":{"0":2,"1":2,"2":2,"3":1,"4":1,"5":1,"6":1,"7":1,"8":1,"9":1,"10":0,"11":2},"f":{"0":2,"1":1,"2":1},"b":{"0":[1],"1":[0,0],"2":[0,0]}}
,"/home/matheusb/Documents/monstruosa-back-end/src/middlewares/userSchema.middleware.ts": {"path":"/home/matheusb/Documents/monstruosa-back-end/src/middlewares/userSchema.middleware.ts","statementMap":{"0":{"start":{"line":3,"column":0},"end":{"line":3,"column":46}},"1":{"start":{"line":6,"column":29},"end":{"line":24,"column":1}},"2":{"start":{"line":7,"column":4},"end":{"line":23,"column":6}},"3":{"start":{"line":7,"column":64},"end":{"line":23,"column":6}},"4":{"start":{"line":8,"column":7},"end":{"line":22,"column":9}},"5":{"start":{"line":9,"column":22},"end":{"line":9,"column":30}},"6":{"start":{"line":10,"column":31},"end":{"line":13,"column":11}},"7":{"start":{"line":15,"column":9},"end":{"line":18,"column":11}},"8":{"start":{"line":16,"column":12},"end":{"line":16,"column":31}},"9":{"start":{"line":17,"column":12},"end":{"line":17,"column":26}},"10":{"start":{"line":21,"column":12},"end":{"line":21,"column":null}},"11":{"start":{"line":26,"column":0},"end":{"line":26,"column":null}}},"fnMap":{"0":{"name":"(anonymous_7)","decl":{"start":{"line":6,"column":29},"end":{"line":6,"column":30}},"loc":{"start":{"line":6,"column":68},"end":{"line":24,"column":1}}},"1":{"name":"(anonymous_8)","decl":{"start":{"line":7,"column":11},"end":{"line":7,"column":18}},"loc":{"start":{"line":7,"column":64},"end":{"line":23,"column":6}}},"2":{"name":"(anonymous_9)","decl":{"start":{"line":7,"column":64},"end":{"line":7,"column":null}},"loc":{"start":{"line":7,"column":64},"end":{"line":23,"column":5}}}},"branchMap":{"0":{"loc":{"start":{"line":15,"column":9},"end":{"line":18,"column":11}},"type":"if","locations":[{"start":{"line":15,"column":9},"end":{"line":18,"column":11}}]},"1":{"loc":{"start":{"line":21,"column":35},"end":{"line":21,"column":59}},"type":"cond-expr","locations":[{"start":{"line":21,"column":47},"end":{"line":21,"column":49}},{"start":{"line":21,"column":47},"end":{"line":21,"column":59}}]},"2":{"loc":{"start":{"line":21,"column":35},"end":{"line":21,"column":49}},"type":"binary-expr","locations":[{"start":{"line":21,"column":35},"end":{"line":21,"column":49}},{"start":{"line":21,"column":47},"end":{"line":21,"column":49}}]}},"s":{"0":2,"1":2,"2":2,"3":5,"4":5,"5":5,"6":5,"7":5,"8":5,"9":5,"10":0,"11":2},"f":{"0":2,"1":5,"2":5},"b":{"0":[5],"1":[0,0],"2":[0,0]}}
,"/home/matheusb/Documents/monstruosa-back-end/src/routes/index.ts": {"path":"/home/matheusb/Documents/monstruosa-back-end/src/routes/index.ts","statementMap":{"0":{"start":{"line":2,"column":0},"end":{"line":2,"column":39}},"1":{"start":{"line":3,"column":0},"end":{"line":3,"column":37}},"2":{"start":{"line":4,"column":18},"end":{"line":7,"column":1}},"3":{"start":{"line":5,"column":4},"end":{"line":5,"column":32}},"4":{"start":{"line":6,"column":4},"end":{"line":6,"column":34}},"5":{"start":{"line":8,"column":0},"end":{"line":8,"column":null}}},"fnMap":{"0":{"name":"(anonymous_1)","decl":{"start":{"line":4,"column":18},"end":{"line":4,"column":19}},"loc":{"start":{"line":4,"column":34},"end":{"line":7,"column":1}}}},"branchMap":{},"s":{"0":2,"1":2,"2":2,"3":2,"4":2,"5":2},"f":{"0":2},"b":{}}
,"/home/matheusb/Documents/monstruosa-back-end/src/routes/publiRoutes/index.ts": {"path":"/home/matheusb/Documents/monstruosa-back-end/src/routes/publiRoutes/index.ts","statementMap":{"0":{"start":{"line":1,"column":0},"end":{"line":1,"column":33}},"1":{"start":{"line":2,"column":0},"end":{"line":2,"column":86}},"2":{"start":{"line":3,"column":0},"end":{"line":3,"column":86}},"3":{"start":{"line":4,"column":0},"end":{"line":4,"column":82}},"4":{"start":{"line":5,"column":0},"end":{"line":5,"column":86}},"5":{"start":{"line":6,"column":0},"end":{"line":6,"column":83}},"6":{"start":{"line":7,"column":0},"end":{"line":7,"column":77}},"7":{"start":{"line":8,"column":0},"end":{"line":8,"column":53}},"8":{"start":{"line":10,"column":19},"end":{"line":10,"column":27}},"9":{"start":{"line":12,"column":0},"end":{"line":12,"column":null}},"10":{"start":{"line":13,"column":0},"end":{"line":13,"column":103}},"11":{"start":{"line":14,"column":0},"end":{"line":14,"column":null}},"12":{"start":{"line":15,"column":0},"end":{"line":15,"column":null}},"13":{"start":{"line":17,"column":0},"end":{"line":17,"column":26}}},"fnMap":{},"branchMap":{},"s":{"0":2,"1":2,"2":2,"3":2,"4":2,"5":2,"6":2,"7":2,"8":2,"9":2,"10":2,"11":2,"12":2,"13":2},"f":{},"b":{}}
,"/home/matheusb/Documents/monstruosa-back-end/src/routes/userRoutes/index.ts": {"path":"/home/matheusb/Documents/monstruosa-back-end/src/routes/userRoutes/index.ts","statementMap":{"0":{"start":{"line":1,"column":0},"end":{"line":1,"column":33}},"1":{"start":{"line":2,"column":0},"end":{"line":2,"column":80}},"2":{"start":{"line":3,"column":0},"end":{"line":3,"column":80}},"3":{"start":{"line":4,"column":0},"end":{"line":4,"column":70}},"4":{"start":{"line":5,"column":0},"end":{"line":5,"column":80}},"5":{"start":{"line":6,"column":0},"end":{"line":6,"column":83}},"6":{"start":{"line":7,"column":0},"end":{"line":7,"column":77}},"7":{"start":{"line":8,"column":0},"end":{"line":8,"column":75}},"8":{"start":{"line":9,"column":0},"end":{"line":9,"column":53}},"9":{"start":{"line":10,"column":0},"end":{"line":10,"column":51}},"10":{"start":{"line":12,"column":18},"end":{"line":12,"column":26}},"11":{"start":{"line":14,"column":0},"end":{"line":14,"column":73}},"12":{"start":{"line":15,"column":0},"end":{"line":15,"column":76}},"13":{"start":{"line":16,"column":0},"end":{"line":16,"column":70}},"14":{"start":{"line":17,"column":0},"end":{"line":17,"column":71}},"15":{"start":{"line":19,"column":0},"end":{"line":19,"column":null}}},"fnMap":{},"branchMap":{},"s":{"0":2,"1":2,"2":2,"3":2,"4":2,"5":2,"6":2,"7":2,"8":2,"9":2,"10":2,"11":2,"12":2,"13":2,"14":2,"15":2},"f":{},"b":{}}
,"/home/matheusb/Documents/monstruosa-back-end/src/schemas/login.schema.ts": {"path":"/home/matheusb/Documents/monstruosa-back-end/src/schemas/login.schema.ts","statementMap":{"0":{"start":{"line":1,"column":0},"end":{"line":1,"column":26}},"1":{"start":{"line":4,"column":46},"end":{"line":7,"column":3}},"2":{"start":{"line":9,"column":0},"end":{"line":9,"column":null}}},"fnMap":{},"branchMap":{},"s":{"0":2,"1":2,"2":2},"f":{},"b":{}}
,"/home/matheusb/Documents/monstruosa-back-end/src/schemas/publi.schema.ts": {"path":"/home/matheusb/Documents/monstruosa-back-end/src/schemas/publi.schema.ts","statementMap":{"0":{"start":{"line":1,"column":0},"end":{"line":1,"column":26}},"1":{"start":{"line":3,"column":54},"end":{"line":6,"column":3}},"2":{"start":{"line":8,"column":0},"end":{"line":8,"column":null}}},"fnMap":{},"branchMap":{},"s":{"0":2,"1":2,"2":2},"f":{},"b":{}}
,"/home/matheusb/Documents/monstruosa-back-end/src/schemas/user.schema.ts": {"path":"/home/matheusb/Documents/monstruosa-back-end/src/schemas/user.schema.ts","statementMap":{"0":{"start":{"line":1,"column":0},"end":{"line":1,"column":26}},"1":{"start":{"line":4,"column":51},"end":{"line":14,"column":null}},"2":{"start":{"line":17,"column":0},"end":{"line":17,"column":null}}},"fnMap":{},"branchMap":{},"s":{"0":2,"1":2,"2":2},"f":{},"b":{}}
,"/home/matheusb/Documents/monstruosa-back-end/src/services/publis/createPublis.service.ts": {"path":"/home/matheusb/Documents/monstruosa-back-end/src/services/publis/createPublis.service.ts","statementMap":{"0":{"start":{"line":1,"column":0},"end":{"line":1,"column":49}},"1":{"start":{"line":3,"column":0},"end":{"line":3,"column":89}},"2":{"start":{"line":5,"column":28},"end":{"line":19,"column":null}},"3":{"start":{"line":5,"column":73},"end":{"line":19,"column":null}},"4":{"start":{"line":6,"column":21},"end":{"line":8,"column":6}},"5":{"start":{"line":10,"column":4},"end":{"line":12,"column":6}},"6":{"start":{"line":11,"column":8},"end":{"line":11,"column":null}},"7":{"start":{"line":14,"column":24},"end":{"line":14,"column":74}},"8":{"start":{"line":16,"column":4},"end":{"line":16,"column":45}},"9":{"start":{"line":18,"column":4},"end":{"line":18,"column":23}},"10":{"start":{"line":20,"column":0},"end":{"line":20,"column":null}}},"fnMap":{"0":{"name":"(anonymous_7)","decl":{"start":{"line":5,"column":28},"end":{"line":5,"column":35}},"loc":{"start":{"line":5,"column":73},"end":{"line":19,"column":null}}},"1":{"name":"(anonymous_8)","decl":{"start":{"line":5,"column":73},"end":{"line":5,"column":null}},"loc":{"start":{"line":5,"column":73},"end":{"line":19,"column":1}}}},"branchMap":{"0":{"loc":{"start":{"line":10,"column":4},"end":{"line":12,"column":6}},"type":"if","locations":[{"start":{"line":10,"column":4},"end":{"line":12,"column":6}}]}},"s":{"0":2,"1":2,"2":2,"3":1,"4":1,"5":1,"6":0,"7":1,"8":1,"9":1,"10":2},"f":{"0":1,"1":1},"b":{"0":[0]}}
,"/home/matheusb/Documents/monstruosa-back-end/src/services/publis/deletePublis.service.ts": {"path":"/home/matheusb/Documents/monstruosa-back-end/src/services/publis/deletePublis.service.ts","statementMap":{"0":{"start":{"line":1,"column":0},"end":{"line":1,"column":48}},"1":{"start":{"line":2,"column":0},"end":{"line":2,"column":72}},"2":{"start":{"line":4,"column":28},"end":{"line":14,"column":null}},"3":{"start":{"line":4,"column":53},"end":{"line":14,"column":null}},"4":{"start":{"line":5,"column":22},"end":{"line":7,"column":6}},"5":{"start":{"line":9,"column":4},"end":{"line":11,"column":null}},"6":{"start":{"line":10,"column":8},"end":{"line":10,"column":null}},"7":{"start":{"line":13,"column":4},"end":{"line":13,"column":null}},"8":{"start":{"line":16,"column":0},"end":{"line":16,"column":null}}},"fnMap":{"0":{"name":"(anonymous_7)","decl":{"start":{"line":4,"column":28},"end":{"line":4,"column":35}},"loc":{"start":{"line":4,"column":53},"end":{"line":14,"column":null}}},"1":{"name":"(anonymous_8)","decl":{"start":{"line":4,"column":53},"end":{"line":4,"column":null}},"loc":{"start":{"line":4,"column":53},"end":{"line":14,"column":1}}}},"branchMap":{"0":{"loc":{"start":{"line":9,"column":4},"end":{"line":11,"column":null}},"type":"if","locations":[{"start":{"line":9,"column":4},"end":{"line":11,"column":null}}]}},"s":{"0":2,"1":2,"2":2,"3":1,"4":1,"5":1,"6":0,"7":1,"8":2},"f":{"0":1,"1":1},"b":{"0":[0]}}
,"/home/matheusb/Documents/monstruosa-back-end/src/services/publis/listPublis.service.ts": {"path":"/home/matheusb/Documents/monstruosa-back-end/src/services/publis/listPublis.service.ts","statementMap":{"0":{"start":{"line":1,"column":0},"end":{"line":1,"column":72}},"1":{"start":{"line":3,"column":26},"end":{"line":5,"column":null}},"2":{"start":{"line":3,"column":37},"end":{"line":5,"column":null}},"3":{"start":{"line":4,"column":4},"end":{"line":4,"column":null}},"4":{"start":{"line":7,"column":0},"end":{"line":7,"column":null}}},"fnMap":{"0":{"name":"(anonymous_7)","decl":{"start":{"line":3,"column":26},"end":{"line":3,"column":35}},"loc":{"start":{"line":3,"column":37},"end":{"line":5,"column":null}}},"1":{"name":"(anonymous_8)","decl":{"start":{"line":3,"column":37},"end":{"line":3,"column":null}},"loc":{"start":{"line":3,"column":37},"end":{"line":5,"column":1}}}},"branchMap":{},"s":{"0":2,"1":2,"2":2,"3":2,"4":2},"f":{"0":2,"1":2},"b":{}}
,"/home/matheusb/Documents/monstruosa-back-end/src/services/publis/updatePublis.service.ts": {"path":"/home/matheusb/Documents/monstruosa-back-end/src/services/publis/updatePublis.service.ts","statementMap":{"0":{"start":{"line":1,"column":0},"end":{"line":1,"column":48}},"1":{"start":{"line":3,"column":0},"end":{"line":3,"column":72}},"2":{"start":{"line":5,"column":28},"end":{"line":20,"column":null}},"3":{"start":{"line":5,"column":81},"end":{"line":20,"column":null}},"4":{"start":{"line":6,"column":23},"end":{"line":6,"column":70}},"5":{"start":{"line":8,"column":4},"end":{"line":10,"column":6}},"6":{"start":{"line":9,"column":8},"end":{"line":9,"column":null}},"7":{"start":{"line":12,"column":24},"end":{"line":15,"column":6}},"8":{"start":{"line":17,"column":4},"end":{"line":17,"column":66}},"9":{"start":{"line":19,"column":4},"end":{"line":19,"column":23}},"10":{"start":{"line":22,"column":0},"end":{"line":22,"column":35}}},"fnMap":{"0":{"name":"(anonymous_7)","decl":{"start":{"line":5,"column":28},"end":{"line":5,"column":35}},"loc":{"start":{"line":5,"column":81},"end":{"line":20,"column":null}}},"1":{"name":"(anonymous_8)","decl":{"start":{"line":5,"column":81},"end":{"line":5,"column":null}},"loc":{"start":{"line":5,"column":81},"end":{"line":20,"column":1}}}},"branchMap":{"0":{"loc":{"start":{"line":8,"column":4},"end":{"line":10,"column":6}},"type":"if","locations":[{"start":{"line":8,"column":4},"end":{"line":10,"column":6}}]},"1":{"loc":{"start":{"line":13,"column":14},"end":{"line":13,"column":50}},"type":"binary-expr","locations":[{"start":{"line":13,"column":14},"end":{"line":13,"column":31}},{"start":{"line":13,"column":35},"end":{"line":13,"column":50}}]},"2":{"loc":{"start":{"line":14,"column":13},"end":{"line":14,"column":47}},"type":"binary-expr","locations":[{"start":{"line":14,"column":13},"end":{"line":14,"column":29}},{"start":{"line":14,"column":33},"end":{"line":14,"column":47}}]}},"s":{"0":2,"1":2,"2":2,"3":1,"4":1,"5":1,"6":0,"7":1,"8":1,"9":1,"10":2},"f":{"0":1,"1":1},"b":{"0":[0],"1":[1,0],"2":[1,0]}}
,"/home/matheusb/Documents/monstruosa-back-end/src/services/user/createUser.service.ts": {"path":"/home/matheusb/Documents/monstruosa-back-end/src/services/user/createUser.service.ts","statementMap":{"0":{"start":{"line":1,"column":0},"end":{"line":1,"column":32}},"1":{"start":{"line":2,"column":0},"end":{"line":2,"column":48}},"2":{"start":{"line":4,"column":0},"end":{"line":4,"column":70}},"3":{"start":{"line":6,"column":26},"end":{"line":20,"column":null}},"4":{"start":{"line":6,"column":54},"end":{"line":20,"column":null}},"5":{"start":{"line":7,"column":21},"end":{"line":7,"column":71}},"6":{"start":{"line":9,"column":4},"end":{"line":11,"column":6}},"7":{"start":{"line":10,"column":8},"end":{"line":10,"column":55}},"8":{"start":{"line":13,"column":26},"end":{"line":13,"column":54}},"9":{"start":{"line":15,"column":23},"end":{"line":15,"column":78}},"10":{"start":{"line":17,"column":4},"end":{"line":17,"column":42}},"11":{"start":{"line":19,"column":4},"end":{"line":19,"column":22}},"12":{"start":{"line":22,"column":0},"end":{"line":22,"column":null}}},"fnMap":{"0":{"name":"(anonymous_7)","decl":{"start":{"line":6,"column":26},"end":{"line":6,"column":33}},"loc":{"start":{"line":6,"column":54},"end":{"line":20,"column":null}}},"1":{"name":"(anonymous_8)","decl":{"start":{"line":6,"column":54},"end":{"line":6,"column":null}},"loc":{"start":{"line":6,"column":54},"end":{"line":20,"column":1}}}},"branchMap":{"0":{"loc":{"start":{"line":9,"column":4},"end":{"line":11,"column":6}},"type":"if","locations":[{"start":{"line":9,"column":4},"end":{"line":11,"column":6}}]}},"s":{"0":2,"1":2,"2":2,"3":2,"4":5,"5":5,"6":5,"7":1,"8":4,"9":4,"10":4,"11":4,"12":2},"f":{"0":5,"1":5},"b":{"0":[1]}}
,"/home/matheusb/Documents/monstruosa-back-end/src/services/user/deleteUser.service.ts": {"path":"/home/matheusb/Documents/monstruosa-back-end/src/services/user/deleteUser.service.ts","statementMap":{"0":{"start":{"line":1,"column":0},"end":{"line":1,"column":49}},"1":{"start":{"line":2,"column":0},"end":{"line":2,"column":70}},"2":{"start":{"line":4,"column":26},"end":{"line":12,"column":null}},"3":{"start":{"line":4,"column":51},"end":{"line":12,"column":null}},"4":{"start":{"line":5,"column":21},"end":{"line":5,"column":58}},"5":{"start":{"line":7,"column":4},"end":{"line":9,"column":6}},"6":{"start":{"line":8,"column":8},"end":{"line":8,"column":null}},"7":{"start":{"line":11,"column":4},"end":{"line":11,"column":45}},"8":{"start":{"line":14,"column":0},"end":{"line":14,"column":33}}},"fnMap":{"0":{"name":"(anonymous_7)","decl":{"start":{"line":4,"column":26},"end":{"line":4,"column":33}},"loc":{"start":{"line":4,"column":51},"end":{"line":12,"column":null}}},"1":{"name":"(anonymous_8)","decl":{"start":{"line":4,"column":51},"end":{"line":4,"column":null}},"loc":{"start":{"line":4,"column":51},"end":{"line":12,"column":1}}}},"branchMap":{"0":{"loc":{"start":{"line":7,"column":4},"end":{"line":9,"column":6}},"type":"if","locations":[{"start":{"line":7,"column":4},"end":{"line":9,"column":6}}]}},"s":{"0":2,"1":2,"2":2,"3":1,"4":1,"5":1,"6":0,"7":1,"8":2},"f":{"0":1,"1":1},"b":{"0":[0]}}
,"/home/matheusb/Documents/monstruosa-back-end/src/services/user/login.service.ts": {"path":"/home/matheusb/Documents/monstruosa-back-end/src/services/user/login.service.ts","statementMap":{"0":{"start":{"line":1,"column":0},"end":{"line":1,"column":49}},"1":{"start":{"line":3,"column":0},"end":{"line":3,"column":71}},"2":{"start":{"line":4,"column":0},"end":{"line":4,"column":29}},"3":{"start":{"line":5,"column":0},"end":{"line":5,"column":30}},"4":{"start":{"line":6,"column":21},"end":{"line":24,"column":null}},"5":{"start":{"line":6,"column":44},"end":{"line":24,"column":null}},"6":{"start":{"line":7,"column":21},"end":{"line":9,"column":6}},"7":{"start":{"line":11,"column":4},"end":{"line":13,"column":6}},"8":{"start":{"line":12,"column":8},"end":{"line":12,"column":null}},"9":{"start":{"line":15,"column":27},"end":{"line":15,"column":81}},"10":{"start":{"line":17,"column":4},"end":{"line":19,"column":6}},"11":{"start":{"line":18,"column":8},"end":{"line":18,"column":null}},"12":{"start":{"line":21,"column":18},"end":{"line":21,"column":68}},"13":{"start":{"line":23,"column":4},"end":{"line":23,"column":17}},"14":{"start":{"line":26,"column":0},"end":{"line":26,"column":null}}},"fnMap":{"0":{"name":"(anonymous_8)","decl":{"start":{"line":6,"column":21},"end":{"line":6,"column":28}},"loc":{"start":{"line":6,"column":44},"end":{"line":24,"column":null}}},"1":{"name":"(anonymous_9)","decl":{"start":{"line":6,"column":44},"end":{"line":6,"column":null}},"loc":{"start":{"line":6,"column":44},"end":{"line":24,"column":1}}}},"branchMap":{"0":{"loc":{"start":{"line":11,"column":4},"end":{"line":13,"column":6}},"type":"if","locations":[{"start":{"line":11,"column":4},"end":{"line":13,"column":6}}]},"1":{"loc":{"start":{"line":17,"column":4},"end":{"line":19,"column":6}},"type":"if","locations":[{"start":{"line":17,"column":4},"end":{"line":19,"column":6}}]}},"s":{"0":2,"1":2,"2":2,"3":2,"4":2,"5":7,"6":7,"7":7,"8":0,"9":7,"10":7,"11":0,"12":7,"13":7,"14":2},"f":{"0":7,"1":7},"b":{"0":[0],"1":[0]}}
,"/home/matheusb/Documents/monstruosa-back-end/src/services/user/updateUser.service.ts": {"path":"/home/matheusb/Documents/monstruosa-back-end/src/services/user/updateUser.service.ts","statementMap":{"0":{"start":{"line":1,"column":0},"end":{"line":1,"column":48}},"1":{"start":{"line":3,"column":0},"end":{"line":3,"column":70}},"2":{"start":{"line":4,"column":0},"end":{"line":4,"column":31}},"3":{"start":{"line":6,"column":26},"end":{"line":35,"column":null}},"4":{"start":{"line":6,"column":74},"end":{"line":35,"column":null}},"5":{"start":{"line":7,"column":21},"end":{"line":9,"column":6}},"6":{"start":{"line":11,"column":4},"end":{"line":13,"column":6}},"7":{"start":{"line":12,"column":8},"end":{"line":12,"column":57}},"8":{"start":{"line":15,"column":24},"end":{"line":15,"column":28}},"9":{"start":{"line":17,"column":4},"end":{"line":17,"column":69}},"10":{"start":{"line":17,"column":22},"end":{"line":17,"column":68}},"11":{"start":{"line":19,"column":45},"end":{"line":28,"column":6}},"12":{"start":{"line":30,"column":4},"end":{"line":30,"column":58}},"13":{"start":{"line":32,"column":4},"end":{"line":32,"column":null}},"14":{"start":{"line":34,"column":4},"end":{"line":34,"column":24}},"15":{"start":{"line":37,"column":0},"end":{"line":37,"column":33}}},"fnMap":{"0":{"name":"(anonymous_7)","decl":{"start":{"line":6,"column":26},"end":{"line":6,"column":33}},"loc":{"start":{"line":6,"column":74},"end":{"line":35,"column":null}}},"1":{"name":"(anonymous_8)","decl":{"start":{"line":6,"column":74},"end":{"line":6,"column":null}},"loc":{"start":{"line":6,"column":74},"end":{"line":35,"column":1}}}},"branchMap":{"0":{"loc":{"start":{"line":11,"column":4},"end":{"line":13,"column":6}},"type":"if","locations":[{"start":{"line":11,"column":4},"end":{"line":13,"column":6}}]},"1":{"loc":{"start":{"line":17,"column":4},"end":{"line":17,"column":69}},"type":"if","locations":[{"start":{"line":17,"column":4},"end":{"line":17,"column":69}}]},"2":{"loc":{"start":{"line":20,"column":14},"end":{"line":20,"column":40}},"type":"binary-expr","locations":[{"start":{"line":20,"column":14},"end":{"line":20,"column":23}},{"start":{"line":20,"column":27},"end":{"line":20,"column":40}}]},"3":{"loc":{"start":{"line":21,"column":18},"end":{"line":21,"column":52}},"type":"binary-expr","locations":[{"start":{"line":21,"column":18},"end":{"line":21,"column":31}},{"start":{"line":21,"column":35},"end":{"line":21,"column":52}}]},"4":{"loc":{"start":{"line":22,"column":15},"end":{"line":22,"column":43}},"type":"binary-expr","locations":[{"start":{"line":22,"column":15},"end":{"line":22,"column":25}},{"start":{"line":22,"column":29},"end":{"line":22,"column":43}}]},"5":{"loc":{"start":{"line":23,"column":13},"end":{"line":23,"column":37}},"type":"binary-expr","locations":[{"start":{"line":23,"column":13},"end":{"line":23,"column":21}},{"start":{"line":23,"column":25},"end":{"line":23,"column":37}}]},"6":{"loc":{"start":{"line":24,"column":13},"end":{"line":24,"column":37}},"type":"binary-expr","locations":[{"start":{"line":24,"column":13},"end":{"line":24,"column":21}},{"start":{"line":24,"column":25},"end":{"line":24,"column":37}}]},"7":{"loc":{"start":{"line":25,"column":14},"end":{"line":25,"column":40}},"type":"binary-expr","locations":[{"start":{"line":25,"column":14},"end":{"line":25,"column":23}},{"start":{"line":25,"column":27},"end":{"line":25,"column":40}}]},"8":{"loc":{"start":{"line":26,"column":19},"end":{"line":26,"column":55}},"type":"binary-expr","locations":[{"start":{"line":26,"column":19},"end":{"line":26,"column":33}},{"start":{"line":26,"column":37},"end":{"line":26,"column":55}}]},"9":{"loc":{"start":{"line":27,"column":17},"end":{"line":27,"column":49}},"type":"binary-expr","locations":[{"start":{"line":27,"column":17},"end":{"line":27,"column":29}},{"start":{"line":27,"column":33},"end":{"line":27,"column":49}}]}},"s":{"0":2,"1":2,"2":2,"3":2,"4":1,"5":1,"6":1,"7":0,"8":1,"9":1,"10":0,"11":1,"12":1,"13":1,"14":1,"15":2},"f":{"0":1,"1":1},"b":{"0":[0],"1":[0],"2":[1,0],"3":[1,1],"4":[1,1],"5":[1,1],"6":[1,1],"7":[1,1],"8":[1,1],"9":[1,1]}}
,"/home/matheusb/Documents/monstruosa-back-end/src/utils/repositories/repositories.ts": {"path":"/home/matheusb/Documents/monstruosa-back-end/src/utils/repositories/repositories.ts","statementMap":{"0":{"start":{"line":1,"column":0},"end":{"line":1,"column":46}},"1":{"start":{"line":2,"column":0},"end":{"line":2,"column":54}},"2":{"start":{"line":3,"column":0},"end":{"line":3,"column":50}},"3":{"start":{"line":5,"column":13},"end":{"line":5,"column":64}},"4":{"start":{"line":6,"column":13},"end":{"line":6,"column":68}}},"fnMap":{},"branchMap":{},"s":{"0":2,"1":2,"2":2,"3":2,"4":2},"f":{},"b":{}}
}
