TN:
SF:src/app.ts
FNF:0
FNH:0
DA:1,2
DA:2,2
DA:3,2
DA:4,2
DA:5,2
DA:7,2
DA:9,2
DA:11,2
DA:13,2
DA:16,2
LF:10
LH:10
BRF:0
BRH:0
end_of_record
TN:
SF:src/data-source.ts
FNF:0
FNH:0
DA:1,2
DA:2,2
DA:4,2
DA:26,2
LF:4
LH:4
BRDA:5,0,0,2
BRDA:5,0,1,0
BRF:2
BRH:1
end_of_record
TN:
SF:src/__tests__/mocks/publiMocks.ts
FNF:0
FNH:0
DA:1,1
DA:6,1
LF:2
LH:2
BRF:0
BRH:0
end_of_record
TN:
SF:src/__tests__/mocks/userMocks.ts
FNF:0
FNH:0
DA:3,2
DA:14,2
DA:25,2
DA:37,2
DA:41,2
DA:45,2
LF:6
LH:6
BRF:0
BRH:0
end_of_record
TN:
SF:src/controllers/publis/createPublis.controller.ts
FN:4,(anonymous_8)
FN:4,(anonymous_9)
FNF:2
FNH:2
FNDA:1,(anonymous_8)
FNDA:1,(anonymous_9)
DA:2,2
DA:4,2
DA:5,1
DA:6,1
DA:7,1
DA:8,1
DA:10,2
LF:7
LH:7
BRF:0
BRH:0
end_of_record
TN:
SF:src/controllers/publis/deletePublis.controller.ts
FN:4,(anonymous_8)
FN:4,(anonymous_9)
FNF:2
FNH:2
FNDA:1,(anonymous_8)
FNDA:1,(anonymous_9)
DA:2,2
DA:4,2
DA:5,1
DA:7,1
DA:9,1
DA:12,2
LF:6
LH:6
BRF:0
BRH:0
end_of_record
TN:
SF:src/controllers/publis/listPublis.controller.ts
FN:4,(anonymous_8)
FN:4,(anonymous_9)
FNF:2
FNH:2
FNDA:2,(anonymous_8)
FNDA:2,(anonymous_9)
DA:2,2
DA:4,2
DA:5,2
DA:6,2
DA:8,2
LF:5
LH:5
BRF:0
BRH:0
end_of_record
TN:
SF:src/controllers/publis/updatePublis.controller.ts
FN:4,(anonymous_8)
FN:4,(anonymous_9)
FNF:2
FNH:2
FNDA:1,(anonymous_8)
FNDA:1,(anonymous_9)
DA:2,2
DA:4,2
DA:5,1
DA:6,1
DA:7,1
DA:8,1
DA:11,2
LF:7
LH:7
BRF:0
BRH:0
end_of_record
TN:
SF:src/controllers/user/createUser.controller.ts
FN:4,(anonymous_8)
FN:4,(anonymous_9)
FNF:2
FNH:2
FNDA:5,(anonymous_8)
FNDA:5,(anonymous_9)
DA:2,2
DA:3,2
DA:4,5
DA:5,5
DA:6,5
DA:7,4
DA:10,2
LF:7
LH:7
BRF:0
BRH:0
end_of_record
TN:
SF:src/controllers/user/deleteUser.controller.ts
FN:4,(anonymous_8)
FN:4,(anonymous_9)
FNF:2
FNH:2
FNDA:1,(anonymous_8)
FNDA:1,(anonymous_9)
DA:2,2
DA:4,2
DA:5,1
DA:7,1
DA:9,1
DA:12,2
LF:6
LH:6
BRF:0
BRH:0
end_of_record
TN:
SF:src/controllers/user/login.controller.ts
FN:4,(anonymous_8)
FN:4,(anonymous_9)
FNF:2
FNH:2
FNDA:7,(anonymous_8)
FNDA:7,(anonymous_9)
DA:2,2
DA:4,7
DA:5,7
DA:7,7
DA:9,7
DA:12,2
LF:6
LH:6
BRF:0
BRH:0
end_of_record
TN:
SF:src/controllers/user/updateUser.controller.ts
FN:4,(anonymous_8)
FN:4,(anonymous_9)
FNF:2
FNH:2
FNDA:1,(anonymous_8)
FNDA:1,(anonymous_9)
DA:2,2
DA:4,2
DA:5,1
DA:6,1
DA:8,1
DA:10,1
DA:13,2
LF:7
LH:7
BRF:0
BRH:0
end_of_record
TN:
SF:src/entities/publis.entity.ts
FN:23,(anonymous_2)
FN:17,(anonymous_3)
FN:17,(anonymous_4)
FNF:3
FNH:3
FNDA:7,(anonymous_2)
FNDA:2,(anonymous_3)
FNDA:2,(anonymous_4)
DA:1,2
DA:2,2
DA:3,2
DA:7,2
DA:8,2
DA:11,2
DA:14,2
DA:17,2
DA:20,2
DA:24,7
DA:25,7
LF:11
LH:11
BRDA:24,0,0,7
BRF:1
BRH:1
end_of_record
TN:
SF:src/entities/user.entity.ts
FN:45,(anonymous_2)
FN:39,(anonymous_3)
FN:39,(anonymous_4)
FNF:3
FNH:3
FNDA:25,(anonymous_2)
FNDA:2,(anonymous_3)
FNDA:2,(anonymous_4)
DA:1,2
DA:2,2
DA:3,2
DA:4,2
DA:7,2
DA:8,2
DA:11,2
DA:14,2
DA:17,2
DA:21,2
DA:24,2
DA:27,2
DA:30,2
DA:33,2
DA:36,2
DA:39,2
DA:42,2
DA:46,25
DA:47,25
LF:19
LH:19
BRDA:46,0,0,25
BRF:1
BRH:1
end_of_record
TN:
SF:src/errors/appError.ts
FN:4,(anonymous_0)
FNF:1
FNH:1
FNDA:1,(anonymous_0)
DA:5,1
DA:6,1
DA:7,1
DA:11,2
LF:4
LH:4
BRDA:4,0,0,0
BRF:1
BRH:0
end_of_record
TN:
SF:src/middlewares/authentication.middleware.ts
FN:6,(anonymous_8)
FN:6,(anonymous_9)
FNF:2
FNH:2
FNDA:7,(anonymous_8)
FNDA:7,(anonymous_9)
DA:2,2
DA:3,2
DA:4,2
DA:6,7
DA:8,7
DA:10,7
DA:12,7
DA:16,7
DA:17,0
DA:20,7
DA:21,5
DA:22,5
DA:25,2
DA:28,2
LF:14
LH:13
BRDA:16,0,0,0
BRDA:20,1,0,5
BRF:2
BRH:1
end_of_record
TN:
SF:src/middlewares/error.middleware.ts
FN:4,(anonymous_0)
FNF:1
FNH:1
FNDA:1,(anonymous_0)
DA:2,2
DA:4,2
DA:5,1
DA:6,1
DA:12,0
DA:18,2
LF:6
LH:5
BRDA:5,0,0,1
BRF:1
BRH:1
end_of_record
TN:
SF:src/middlewares/loginSchema.middleware.ts
FN:6,(anonymous_7)
FN:7,(anonymous_8)
FN:7,(anonymous_9)
FNF:3
FNH:3
FNDA:2,(anonymous_7)
FNDA:7,(anonymous_8)
FNDA:7,(anonymous_9)
DA:3,2
DA:6,2
DA:7,7
DA:8,7
DA:9,7
DA:10,7
DA:15,7
DA:16,7
DA:17,7
DA:21,0
DA:26,2
LF:11
LH:10
BRDA:15,0,0,7
BRDA:21,1,0,0
BRDA:21,1,1,0
BRDA:21,2,0,0
BRDA:21,2,1,0
BRF:5
BRH:1
end_of_record
TN:
SF:src/middlewares/publiSchema.middleware.ts
FN:6,(anonymous_7)
FN:7,(anonymous_8)
FN:7,(anonymous_9)
FNF:3
FNH:3
FNDA:2,(anonymous_7)
FNDA:1,(anonymous_8)
FNDA:1,(anonymous_9)
DA:3,2
DA:6,2
DA:7,2
DA:8,1
DA:9,1
DA:10,1
DA:15,1
DA:16,1
DA:17,1
DA:21,0
DA:26,2
LF:11
LH:10
BRDA:15,0,0,1
BRDA:21,1,0,0
BRDA:21,1,1,0
BRDA:21,2,0,0
BRDA:21,2,1,0
BRF:5
BRH:1
end_of_record
TN:
SF:src/middlewares/userSchema.middleware.ts
FN:6,(anonymous_7)
FN:7,(anonymous_8)
FN:7,(anonymous_9)
FNF:3
FNH:3
FNDA:2,(anonymous_7)
FNDA:5,(anonymous_8)
FNDA:5,(anonymous_9)
DA:3,2
DA:6,2
DA:7,5
DA:8,5
DA:9,5
DA:10,5
DA:15,5
DA:16,5
DA:17,5
DA:21,0
DA:26,2
LF:11
LH:10
BRDA:15,0,0,5
BRDA:21,1,0,0
BRDA:21,1,1,0
BRDA:21,2,0,0
BRDA:21,2,1,0
BRF:5
BRH:1
end_of_record
TN:
SF:src/routes/index.ts
FN:4,(anonymous_1)
FNF:1
FNH:1
FNDA:2,(anonymous_1)
DA:2,2
DA:3,2
DA:4,2
DA:5,2
DA:6,2
DA:8,2
LF:6
LH:6
BRF:0
BRH:0
end_of_record
TN:
SF:src/routes/publiRoutes/index.ts
FNF:0
FNH:0
DA:1,2
DA:2,2
DA:3,2
DA:4,2
DA:5,2
DA:6,2
DA:7,2
DA:8,2
DA:10,2
DA:12,2
DA:13,2
DA:14,2
DA:15,2
DA:17,2
LF:14
LH:14
BRF:0
BRH:0
end_of_record
TN:
SF:src/routes/userRoutes/index.ts
FNF:0
FNH:0
DA:1,2
DA:2,2
DA:3,2
DA:4,2
DA:5,2
DA:6,2
DA:7,2
DA:8,2
DA:9,2
DA:10,2
DA:12,2
DA:14,2
DA:15,2
DA:16,2
DA:17,2
DA:19,2
LF:16
LH:16
BRF:0
BRH:0
end_of_record
TN:
SF:src/schemas/login.schema.ts
FNF:0
FNH:0
DA:1,2
DA:4,2
DA:9,2
LF:3
LH:3
BRF:0
BRH:0
end_of_record
TN:
SF:src/schemas/publi.schema.ts
FNF:0
FNH:0
DA:1,2
DA:3,2
DA:8,2
LF:3
LH:3
BRF:0
BRH:0
end_of_record
TN:
SF:src/schemas/user.schema.ts
FNF:0
FNH:0
DA:1,2
DA:4,2
DA:17,2
LF:3
LH:3
BRF:0
BRH:0
end_of_record
TN:
SF:src/services/publis/createPublis.service.ts
FN:5,(anonymous_7)
FN:5,(anonymous_8)
FNF:2
FNH:2
FNDA:1,(anonymous_7)
FNDA:1,(anonymous_8)
DA:1,2
DA:3,2
DA:5,2
DA:6,1
DA:10,1
DA:11,0
DA:14,1
DA:16,1
DA:18,1
DA:20,2
LF:10
LH:9
BRDA:10,0,0,0
BRF:1
BRH:0
end_of_record
TN:
SF:src/services/publis/deletePublis.service.ts
FN:4,(anonymous_7)
FN:4,(anonymous_8)
FNF:2
FNH:2
FNDA:1,(anonymous_7)
FNDA:1,(anonymous_8)
DA:1,2
DA:2,2
DA:4,2
DA:5,1
DA:9,1
DA:10,0
DA:13,1
DA:16,2
LF:8
LH:7
BRDA:9,0,0,0
BRF:1
BRH:0
end_of_record
TN:
SF:src/services/publis/listPublis.service.ts
FN:3,(anonymous_7)
FN:3,(anonymous_8)
FNF:2
FNH:2
FNDA:2,(anonymous_7)
FNDA:2,(anonymous_8)
DA:1,2
DA:3,2
DA:4,2
DA:7,2
LF:4
LH:4
BRF:0
BRH:0
end_of_record
TN:
SF:src/services/publis/updatePublis.service.ts
FN:5,(anonymous_7)
FN:5,(anonymous_8)
FNF:2
FNH:2
FNDA:1,(anonymous_7)
FNDA:1,(anonymous_8)
DA:1,2
DA:3,2
DA:5,2
DA:6,1
DA:8,1
DA:9,0
DA:12,1
DA:17,1
DA:19,1
DA:22,2
LF:10
LH:9
BRDA:8,0,0,0
BRDA:13,1,0,1
BRDA:13,1,1,0
BRDA:14,2,0,1
BRDA:14,2,1,0
BRF:5
BRH:2
end_of_record
TN:
SF:src/services/user/createUser.service.ts
FN:6,(anonymous_7)
FN:6,(anonymous_8)
FNF:2
FNH:2
FNDA:5,(anonymous_7)
FNDA:5,(anonymous_8)
DA:1,2
DA:2,2
DA:4,2
DA:6,5
DA:7,5
DA:9,5
DA:10,1
DA:13,4
DA:15,4
DA:17,4
DA:19,4
DA:22,2
LF:12
LH:12
BRDA:9,0,0,1
BRF:1
BRH:1
end_of_record
TN:
SF:src/services/user/deleteUser.service.ts
FN:4,(anonymous_7)
FN:4,(anonymous_8)
FNF:2
FNH:2
FNDA:1,(anonymous_7)
FNDA:1,(anonymous_8)
DA:1,2
DA:2,2
DA:4,2
DA:5,1
DA:7,1
DA:8,0
DA:11,1
DA:14,2
LF:8
LH:7
BRDA:7,0,0,0
BRF:1
BRH:0
end_of_record
TN:
SF:src/services/user/login.service.ts
FN:6,(anonymous_8)
FN:6,(anonymous_9)
FNF:2
FNH:2
FNDA:7,(anonymous_8)
FNDA:7,(anonymous_9)
DA:1,2
DA:3,2
DA:4,2
DA:5,2
DA:6,7
DA:7,7
DA:11,7
DA:12,0
DA:15,7
DA:17,7
DA:18,0
DA:21,7
DA:23,7
DA:26,2
LF:14
LH:12
BRDA:11,0,0,0
BRDA:17,1,0,0
BRF:2
BRH:0
end_of_record
TN:
SF:src/services/user/updateUser.service.ts
FN:6,(anonymous_7)
FN:6,(anonymous_8)
FNF:2
FNH:2
FNDA:1,(anonymous_7)
FNDA:1,(anonymous_8)
DA:1,2
DA:3,2
DA:4,2
DA:6,2
DA:7,1
DA:11,1
DA:12,0
DA:15,1
DA:17,1
DA:19,1
DA:30,1
DA:32,1
DA:34,1
DA:37,2
LF:14
LH:13
BRDA:11,0,0,0
BRDA:17,1,0,0
BRDA:20,2,0,1
BRDA:20,2,1,0
BRDA:21,3,0,1
BRDA:21,3,1,1
BRDA:22,4,0,1
BRDA:22,4,1,1
BRDA:23,5,0,1
BRDA:23,5,1,1
BRDA:24,6,0,1
BRDA:24,6,1,1
BRDA:25,7,0,1
BRDA:25,7,1,1
BRDA:26,8,0,1
BRDA:26,8,1,1
BRDA:27,9,0,1
BRDA:27,9,1,1
BRF:18
BRH:15
end_of_record
TN:
SF:src/utils/repositories/repositories.ts
FNF:0
FNH:0
DA:1,2
DA:2,2
DA:3,2
DA:5,2
DA:6,2
LF:5
LH:5
BRF:0
BRH:0
end_of_record
